\BOOKMARK [1][-]{section*.1}{\376\377\004\041\004\076\004\062\004\065\004\102\004\113\000\040\004\064\004\073\004\117\000\040\004\101\004\065\004\074\004\070\004\075\004\060\004\100\004\070\004\101\004\102\004\076\004\062}{}% 1
\BOOKMARK [1][-]{section.1}{\376\377\004\044\004\103\004\075\004\072\004\106\004\070\004\070\000\040\004\076\004\064\004\075\004\076\004\071\000\040\004\077\004\065\004\100\004\065\004\074\004\065\004\075\004\075\004\076\004\071}{}% 2
\BOOKMARK [2][-]{subsection.1.1}{\376\377\004\037\004\100\004\070\004\074\004\065\004\100\004\113\000\040\004\104\004\103\004\075\004\072\004\106\004\070\004\071}{section.1}% 3
\BOOKMARK [2][-]{subsection.1.2}{\376\377\004\042\004\100\004\070\004\063\004\076\004\075\004\076\004\074\004\065\004\102\004\100\004\070\004\107\004\065\004\101\004\072\004\070\004\065\000\040\004\104\004\103\004\075\004\072\004\106\004\070\004\070}{section.1}% 4
\BOOKMARK [2][-]{subsection.1.3}{\376\377\004\037\004\076\004\072\004\060\004\067\004\060\004\102\004\065\004\073\004\114\004\075\004\060\004\117\000\040\004\104\004\103\004\075\004\072\004\106\004\070\004\117}{section.1}% 5
\BOOKMARK [2][-]{subsection.1.4}{\376\377\004\033\004\076\004\063\004\060\004\100\004\070\004\104\004\074}{section.1}% 6
\BOOKMARK [1][-]{section.2}{\376\377\004\037\004\100\004\076\004\070\004\067\004\062\004\076\004\064\004\075\004\060\004\117}{}% 7
\BOOKMARK [2][-]{subsection.2.1}{\376\377\004\057\000-\004\101\004\072\004\076\004\100\004\076\004\101\004\102\004\114\000,\000\040\004\072\004\107\004\060\004\103}{section.2}% 8
\BOOKMARK [2][-]{subsection.2.2}{\376\377\004\021\004\065\004\101\004\072\004\076\004\075\004\065\004\107\004\075\004\076\004\101\004\102\004\114\000\040\004\075\004\065\000\040\004\077\004\100\004\065\004\064\004\065\004\073\000!}{section.2}% 9
\BOOKMARK [2][-]{subsection.2.3}{\376\377\004\036\004\101\004\075\004\076\004\062\004\075\004\113\004\065\000\040\004\101\004\062\004\076\004\071\004\101\004\102\004\062\004\060\000\040\004\077\004\100\004\076\004\070\004\067\004\062\004\076\004\064\004\075\004\076\004\071}{section.2}% 10
\BOOKMARK [2][-]{subsection.2.4}{\376\377\004\047\004\070\004\101\004\073\004\076\000\040\000e\000.\000\040\004\022\004\102\004\076\004\100\004\076\004\071\000\040\004\067\004\060\004\074\004\065\004\107\004\060\004\102\004\065\004\073\004\114\004\075\004\113\004\071\000\040\004\077\004\100\004\065\004\064\004\065\004\073\000.}{section.2}% 11
\BOOKMARK [2][-]{subsection.2.5}{\376\377\004\037\004\065\004\100\004\062\004\113\004\071\000\040\004\067\004\060\004\074\004\065\004\107\004\060\004\102\004\065\004\073\004\114\004\075\004\113\004\071\000\040\004\077\004\100\004\065\004\064\004\065\004\073}{section.2}% 12
\BOOKMARK [1][-]{section.3}{\376\377\004\037\004\076\004\073\004\065\004\067\004\075\004\113\004\065\000\040\004\077\004\100\004\070\004\074\004\065\004\075\004\065\004\075\004\070\004\117\000\040\004\077\004\100\004\076\004\070\004\067\004\062\004\076\004\064\004\075\004\076\004\071}{}% 13
\BOOKMARK [2][-]{subsection.3.1}{\376\377\004\055\004\072\004\101\004\102\004\100\004\065\004\074\004\103\004\074}{section.3}% 14
\BOOKMARK [2][-]{subsection.3.2}{\376\377\004\037\004\100\004\076\004\070\004\067\004\062\004\076\004\064\004\075\004\060\004\117\000\040\000x\0002\000,\000\040\000x\0003\000,\000\040\000x\0004\000\040\040\046}{section.3}% 15
\BOOKMARK [2][-]{subsection.3.3}{\376\377\004\040\004\060\004\067\004\063\004\076\004\062\004\076\004\100\000\040\004\076\000\040\004\074\004\070\004\075\004\070\004\074\004\103\004\074\004\060\004\105\000\040\004\070\000\040\004\074\004\060\004\072\004\101\004\070\004\074\004\103\004\074\004\060\004\105}{section.3}% 16
\BOOKMARK [2][-]{subsection.3.4}{\376\377\004\040\004\117\004\064\000\040\004\042\004\065\004\071\004\073\004\076\004\100\004\060\000,\000\040\004\064\004\065\004\102\004\072\004\060}{section.3}% 17
\BOOKMARK [1][-]{section.4}{\376\377\004\030\004\075\004\102\004\065\004\063\004\100\004\060\004\073}{}% 18
\BOOKMARK [2][-]{subsection.4.1}{\376\377\004\041\000\040\004\107\004\065\004\074\000\040\004\065\004\063\004\076\000\040\004\065\004\064\004\117\004\102\000?}{section.4}% 19
\BOOKMARK [2][-]{subsection.4.2}{\376\377\004\022\004\075\004\076\004\062\004\114\000\040\004\064\004\062\004\070\004\066\004\065\004\074\004\101\004\117\000,\000\040\004\062\004\076\004\077\004\100\004\076\004\101\000\040\004\072\004\103\004\064\004\060\000.\000.\000.}{section.4}% 20
\BOOKMARK [2][-]{subsection.4.3}{\376\377\004\030\004\075\004\102\004\065\004\063\004\100\004\060\004\073\000,\000\040\004\072\004\060\004\072\000\040\004\077\004\073\004\076\004\111\004\060\004\064\004\114\000\040\004\077\004\076\004\064\000\040\004\063\004\100\004\060\004\104\004\070\004\072\004\076\004\074\000\040\004\104\004\103\004\075\004\072\004\106\004\070\004\070}{section.4}% 21
\BOOKMARK [2][-]{subsection.4.4}{\376\377\004\044\004\076\004\100\004\074\004\103\004\073\004\060\000\040\004\035\004\114\004\116\004\102\004\076\004\075\004\060\000-\004\033\004\065\004\071\004\061\004\075\004\070\004\106\004\060}{section.4}% 22
\BOOKMARK [2][-]{subsection.4.5}{\376\377\004\024\004\066\004\065\004\064\004\060\004\071\004\101\004\102\004\062\004\076\000\040\004\070\004\075\004\102\004\065\004\063\004\100\004\060\004\073\004\060}{section.4}% 23
\BOOKMARK [2][-]{subsection.4.6}{\376\377\004\030\004\075\004\102\004\065\004\063\004\100\004\070\004\100\004\076\004\062\004\060\004\075\004\070\004\065\000\040\004\077\004\076\000\040\004\103\004\063\004\073\004\060\004\074}{section.4}% 24
\BOOKMARK [1][-]{section.5}{\376\377\004\032\004\076\004\073\004\065\004\061\004\060\004\075\004\070\004\117\000\040\004\070\000\040\004\064\004\070\004\104\004\104\004\065\004\100\004\065\004\075\004\106\004\070\004\060\004\073\004\114\004\075\004\113\004\065\000\040\004\103\004\100\004\060\004\062\004\075\004\065\004\075\004\070\004\117}{}% 25
\BOOKMARK [2][-]{subsection.5.1}{\376\377\004\044\004\076\004\100\004\074\004\103\004\073\004\060\000\040\004\046\004\070\004\076\004\073\004\072\004\076\004\062\004\101\004\072\004\076\004\063\004\076}{section.5}% 26
\BOOKMARK [2][-]{subsection.5.2}{\376\377\004\037\004\076\004\107\004\065\004\074\004\103\000\040\004\032\004\076\004\110\004\070\000\040\004\076\004\072\004\060\004\067\004\060\004\073\004\101\004\117\000\040\004\062\000\040\004\064\004\070\004\104\004\104\004\103\004\100\004\060\004\105\000?}{section.5}% 27
\BOOKMARK [2][-]{subsection.5.3}{\376\377\004\034\004\060\004\102\004\065\004\074\004\060\004\102\004\070\004\107\004\065\004\101\004\072\004\070\004\071\000\040\004\074\004\060\004\117\004\102\004\075\004\070\004\072\000:\000\040\004\107\004\065\004\074\000\040\004\061\004\076\004\073\004\114\004\110\004\065\000\040\004\102\004\065\004\073\000,\000\040\004\102\004\065\004\074\000\040\004\101\004\073\004\076\004\066\004\075\004\065\004\065\000\040\004\077\004\103\004\102\004\114}{section.5}% 28
\BOOKMARK [2][-]{subsection.5.4}{\376\377\004\023\004\060\004\100\004\074\004\076\004\075\004\070\004\107\004\065\004\101\004\072\004\070\004\071\000\040\004\076\004\101\004\106\004\070\004\073\004\073\004\117\004\102\004\076\004\100}{section.5}% 29
\BOOKMARK [2][-]{subsection.5.5}{\376\377\004\044\004\060\004\067\004\076\004\062\004\060\004\117\000\040\004\077\004\073\004\076\004\101\004\072\004\076\004\101\004\102\004\114\000\040\004\070\000\040\004\104\004\060\004\067\004\076\004\062\004\060\004\117\000\040\004\102\004\100\004\060\004\065\004\072\004\102\004\076\004\100\004\070\004\117}{section.5}% 30
\BOOKMARK [1][-]{prac.5.2}{\376\377\004\027\004\060\004\064\004\060\004\107\004\070}{}% 31
\BOOKMARK [2][-]{section*.4}{\376\377\004\044\004\103\004\075\004\072\004\106\004\070\004\070\000\040\004\076\004\064\004\075\004\076\004\071\000\040\004\077\004\065\004\100\004\065\004\074\004\065\004\075\004\075\004\076\004\071}{prac.5.2}% 32
\BOOKMARK [2][-]{section*.5}{\376\377\004\037\004\100\004\076\004\070\004\067\004\062\004\076\004\064\004\075\004\060\004\117}{prac.5.2}% 33
\BOOKMARK [2][-]{section*.6}{\376\377\004\037\004\076\004\073\004\065\004\067\004\075\004\113\004\065\000\040\004\077\004\100\004\070\004\074\004\065\004\075\004\065\004\075\004\070\004\117\000\040\004\077\004\100\004\076\004\070\004\067\004\062\004\076\004\064\004\075\004\076\004\071\000.\000\040\004\040\004\117\004\064\000\040\004\042\004\065\004\071\004\073\004\076\004\100\004\060\000.}{prac.5.2}% 34
\BOOKMARK [2][-]{section*.9}{\376\377\004\030\004\075\004\102\004\065\004\063\004\100\004\060\004\073\004\113}{prac.5.2}% 35
\BOOKMARK [2][-]{section*.10}{\376\377\004\024\004\070\004\104\004\104\004\103\004\100\004\113\000,\000\040\004\072\004\076\004\073\004\065\004\061\004\060\004\075\004\070\004\117\000\040\004\070\000\040\004\104\004\060\004\067\004\076\004\062\004\113\004\065\000\040\004\077\004\076\004\100\004\102\004\100\004\065\004\102\004\113}{prac.5.2}% 36
\BOOKMARK [1][-]{section*.10}{\376\377\004\027\004\060\004\063\004\076\004\075}{}% 37
